[debug] [2023-03-27T00:44:50.440Z] ----------------------------------------------------------------------
[debug] [2023-03-27T00:44:50.442Z] Command:       C:\Program Files\nodejs\node.exe C:\Users\54911\AppData\Roaming\npm\node_modules\firebase-tools\lib\bin\firebase.js init
[debug] [2023-03-27T00:44:50.443Z] CLI Version:   11.25.1
[debug] [2023-03-27T00:44:50.443Z] Platform:      win32
[debug] [2023-03-27T00:44:50.443Z] Node Version:  v18.15.0
[debug] [2023-03-27T00:44:50.444Z] Time:          Sun Mar 26 2023 21:44:50 GMT-0300 (hora estándar de Argentina)
[debug] [2023-03-27T00:44:50.444Z] ----------------------------------------------------------------------
[debug] 
[debug] [2023-03-27T00:44:50.454Z] > command requires scopes: ["email","openid","https://www.googleapis.com/auth/cloudplatformprojects.readonly","https://www.googleapis.com/auth/firebase","https://www.googleapis.com/auth/cloud-platform"]
[debug] [2023-03-27T00:44:50.454Z] > authorizing via signed-in user (lifeonwonderland@gmail.com)
[info] 
     ######## #### ########  ######## ########     ###     ######  ########
     ##        ##  ##     ## ##       ##     ##  ##   ##  ##       ##
     ######    ##  ########  ######   ########  #########  ######  ######
     ##        ##  ##    ##  ##       ##     ## ##     ##       ## ##
     ##       #### ##     ## ######## ########  ##     ##  ######  ########

You're about to initialize a Firebase project in this directory:

  C:\Users\54911\Desktop\bshit\Argentina Programa\portfolio web\portfolio front end\ProyectoIntegrador-FrontEnd-AbrilZorza

[info] 
=== Project Setup
[info] 
[info] First, let's associate this project directory with a Firebase project.
[info] You can create multiple project aliases by running firebase use --add, 
[info] but for now we'll just set up a default project.
[info] 
[debug] [2023-03-27T00:56:33.408Z] >>> [apiv2][query] GET https://firebase.googleapis.com/v1beta1/projects pageSize=100
[debug] [2023-03-27T00:56:34.296Z] <<< [apiv2][status] GET https://firebase.googleapis.com/v1beta1/projects 200
[debug] [2023-03-27T00:56:34.297Z] <<< [apiv2][body] GET https://firebase.googleapis.com/v1beta1/projects [omitted]
[info] i  Using project abrilzorzafrontend (abrilzorzafrontend) 
[info] 
=== Hosting Setup
[info] 
[info] Your public directory is the folder (relative to your project directory) that
[info] will contain Hosting assets to be uploaded with firebase deploy. If you
[info] have a build process for your assets, use your build's output directory.
[info] 
